<?xml version="1.0" encoding="UTF-8"?>
<!-- Generated by org.testng.reporters.JUnitReportReporter -->
<testsuite hostname="HDU82504" name="exemplos._003CompraDebitoAutomaticoVeja" tests="1" failures="0" timestamp="6 Dec 2021 17:31:39 GMT" time="85.812" errors="0">
  <testcase name="testar003" time="85.812" classname="exemplos._003CompraDebitoAutomaticoVeja"/>
</testsuite> <!-- exemplos._003CompraDebitoAutomaticoVeja -->
