<?xml version="1.0" encoding="UTF-8"?>
<!-- Generated by org.testng.reporters.JUnitReportReporter -->
<testsuite hostname="HDU82504" name="exemplos._005LoginOrgBlockFechadoWEB" tests="1" failures="0" timestamp="6 Dec 2021 17:31:39 GMT" time="113.407" errors="0">
  <testcase name="testar001" time="113.407" classname="exemplos._005LoginOrgBlockFechadoWEB"/>
</testsuite> <!-- exemplos._005LoginOrgBlockFechadoWEB -->
