<?xml version="1.0" encoding="UTF-8"?>
<!-- Generated by org.testng.reporters.JUnitReportReporter -->
<testsuite hostname="HDU82504" name="exemplos._004CompraBoletoBancarioVeja" tests="1" failures="0" timestamp="6 Dec 2021 17:31:39 GMT" time="67.204" errors="0">
  <testcase name="testar004" time="67.204" classname="exemplos._004CompraBoletoBancarioVeja"/>
</testsuite> <!-- exemplos._004CompraBoletoBancarioVeja -->
