<?xml version="1.0" encoding="UTF-8"?>
<!-- Generated by org.testng.reporters.JUnitReportReporter -->
<testsuite hostname="HDU82504" name="exemplos._003CompraDebitoAutomaticoVeja" tests="1" failures="0" timestamp="2 Dec 2021 16:26:16 GMT" time="273.114" errors="0">
  <testcase name="testar003" time="273.114" classname="exemplos._003CompraDebitoAutomaticoVeja"/>
</testsuite> <!-- exemplos._003CompraDebitoAutomaticoVeja -->
