<?xml version="1.0" encoding="UTF-8"?>
<!-- Generated by org.testng.reporters.JUnitReportReporter -->
<testsuite hostname="HDU82504" name="exemplos._004CompraBoletoBancarioVeja" tests="1" failures="0" timestamp="2 Dec 2021 18:29:01 GMT" time="76.148" errors="0">
  <testcase name="testar004" time="76.148" classname="exemplos._004CompraBoletoBancarioVeja"/>
</testsuite> <!-- exemplos._004CompraBoletoBancarioVeja -->
