<?xml version="1.0" encoding="UTF-8"?>
<!-- Generated by org.testng.reporters.JUnitReportReporter -->
<testsuite skipped="0" hostname="HDU82504" name="exemplos_paralelo._002CalcularPrecoPrazoEntregaCartaSimples" tests="1" failures="0" timestamp="30 Nov 2021 00:13:31 GMT" time="34.291" errors="0">
  <testcase name="_002_carta_simples" time="34.291" classname="exemplos_paralelo._002CalcularPrecoPrazoEntregaCartaSimples"/>
</testsuite> <!-- exemplos_paralelo._002CalcularPrecoPrazoEntregaCartaSimples -->
