<?xml version="1.0" encoding="UTF-8"?>
<!-- Generated by org.testng.reporters.JUnitReportReporter -->
<testsuite skipped="0" hostname="HDU82504" name="exemplos_paralelo._001CalcularPrecoPrazoEntregaCartaRegistrada" tests="1" failures="0" timestamp="30 Nov 2021 00:13:31 GMT" time="32.844" errors="0">
  <testcase name="_001_carta_registrada" time="32.844" classname="exemplos_paralelo._001CalcularPrecoPrazoEntregaCartaRegistrada"/>
</testsuite> <!-- exemplos_paralelo._001CalcularPrecoPrazoEntregaCartaRegistrada -->
